WARN: Unresolved or ambiguous specs during Gem::Specification.reset:
      jekyll (>= 3.7, >= 3.3, < 5.0)
      Available/installed versions of this gem:
      - 4.1.1
      - 3.8.7
WARN: Clearing out unresolved specs. Try 'gem cleanup <gem>'
Please report a bug if this causes problems.
[31mA subcommand is required. [0m
jekyll 4.1.1 -- Jekyll is a blog-aware, static site generator in Ruby

Usage:

  jekyll <subcommand> [options]

Options:
        -s, --source [DIR]  Source directory (defaults to ./)
        -d, --destination [DIR]  Destination directory (defaults to ./_site)
            --safe         Safe mode (defaults to false)
        -p, --plugins PLUGINS_DIR1[,PLUGINS_DIR2[,...]]  Plugins directory (defaults to ./_plugins)
            --layouts DIR  Layouts directory (defaults to ./_layouts)
            --profile      Generate a Liquid rendering profile
        -h, --help         Show this message
        -v, --version      Print the name and version
        -t, --trace        Show the full backtrace when an error occurs

Subcommands:
  compose               
  docs                  
  import                
  build, b              Build your site
  clean                 Clean the site (removes site output and metadata file) without building.
  doctor, hyde          Search site and print specific deprecation warnings
  help                  Show the help message, optionally for a given subcommand.
  new                   Creates a new Jekyll site scaffold in PATH
  new-theme             Creates a new Jekyll theme scaffold
  serve, server, s      Serve your site locally
WARN: Unresolved or ambiguous specs during Gem::Specification.reset:
      jekyll (>= 3.7, >= 3.3, < 5.0)
      Available/installed versions of this gem:
      - 4.1.1
      - 3.8.7
WARN: Clearing out unresolved specs. Try 'gem cleanup <gem>'
Please report a bug if this causes problems.
[31mA subcommand is required. [0m
jekyll 4.1.1 -- Jekyll is a blog-aware, static site generator in Ruby

Usage:

  jekyll <subcommand> [options]

Options:
        -s, --source [DIR]  Source directory (defaults to ./)
        -d, --destination [DIR]  Destination directory (defaults to ./_site)
            --safe         Safe mode (defaults to false)
        -p, --plugins PLUGINS_DIR1[,PLUGINS_DIR2[,...]]  Plugins directory (defaults to ./_plugins)
            --layouts DIR  Layouts directory (defaults to ./_layouts)
            --profile      Generate a Liquid rendering profile
        -h, --help         Show this message
        -v, --version      Print the name and version
        -t, --trace        Show the full backtrace when an error occurs

Subcommands:
  compose               
  docs                  
  import                
  build, b              Build your site
  clean                 Clean the site (removes site output and metadata file) without building.
  doctor, hyde          Search site and print specific deprecation warnings
  help                  Show the help message, optionally for a given subcommand.
  new                   Creates a new Jekyll site scaffold in PATH
  new-theme             Creates a new Jekyll theme scaffold
  serve, server, s      Serve your site locally
